<?xml version="1.0" encoding="UTF-8"?>
<!-- Generated by org.testng.reporters.JUnitReportReporter -->
<testsuite hostname="WKSBAN36CHATR11" failures="0" tests="2" name="Tests.newtest1" time="11.598" errors="0" timestamp="2025-03-28T15:50:01 IST" skipped="0">
  <testcase classname="Tests.newtest1" name="test2" time="5.359"/>
  <testcase classname="Tests.newtest1" name="test1" time="6.239"/>
</testsuite> <!-- Tests.newtest1 -->
