<?xml version="1.0" encoding="UTF-8"?>
<!-- Generated by org.testng.reporters.JUnitReportReporter -->
<testsuite hostname="WKSBAN36CHATR11" failures="0" tests="1" name="testNG.test" time="0.041" errors="0" timestamp="2025-04-03T16:16:29 IST" skipped="0">
  <testcase classname="testNG.test" name="test1" time="0.041"/>
</testsuite> <!-- testNG.test -->
