<?xml version="1.0" encoding="UTF-8"?>
<!-- Generated by org.testng.reporters.JUnitReportReporter -->
<testsuite hostname="WKSBAN36CHATR11" failures="0" tests="1" name="runner3.testrunner3" time="0.067" errors="0" timestamp="2025-04-01T10:47:47 IST" skipped="0">
  <testcase classname="runner3.testrunner3" name="runScenario" time="0.067"/>
</testsuite> <!-- runner3.testrunner3 -->
