<?xml version="1.0" encoding="UTF-8"?>
<!-- Generated by org.testng.reporters.JUnitReportReporter -->
<testsuite hostname="WKSBAN36CHATR11" failures="0" tests="1" name="assign_runner.assignrunner" time="35.674" errors="0" timestamp="2025-04-01T12:10:01 IST" skipped="0">
  <testcase classname="assign_runner.assignrunner" name="runScenario" time="35.674"/>
</testsuite> <!-- assign_runner.assignrunner -->
