<?xml version="1.0" encoding="UTF-8"?>
<!-- Generated by org.testng.reporters.JUnitReportReporter -->
<testsuite hostname="WKSBAN36CHATR11" failures="0" tests="1" name="runner2.testrrunner2" time="8.201" errors="0" timestamp="2025-03-29T16:06:53 IST" skipped="0">
  <testcase classname="runner2.testrrunner2" name="runScenario" time="8.201"/>
</testsuite> <!-- runner2.testrrunner2 -->
