<?xml version="1.0" encoding="UTF-8"?>
<!-- Generated by org.testng.reporters.JUnitReportReporter -->
<testsuite hostname="WKSBAN36CHATR11" failures="0" tests="1" name="runner.test_runner" time="5.991" errors="0" timestamp="2025-04-01T17:16:27 IST" skipped="0">
  <testcase classname="runner.test_runner" name="runScenario" time="5.991"/>
</testsuite> <!-- runner.test_runner -->
